[2021-02-06 13:06:00] laravel.EMERGENCY: Unable to create configured logger. Using emergency logger. {"exception":"[object] (InvalidArgumentException(code: 0): Log [default] is not defined. at C:\\wamp64\\www\\sample-cli\\vendor\\laravel\\framework\\src\\Illuminate\\Log\\LogManager.php:192)
[stacktrace]
#0 C:\\wamp64\\www\\sample-cli\\vendor\\laravel\\framework\\src\\Illuminate\\Log\\LogManager.php(118): Illuminate\\Log\\LogManager->resolve('default')
#1 C:\\wamp64\\www\\sample-cli\\vendor\\laravel\\framework\\src\\Illuminate\\Log\\LogManager.php(98): Illuminate\\Log\\LogManager->get('default')
#2 C:\\wamp64\\www\\sample-cli\\vendor\\laravel\\framework\\src\\Illuminate\\Log\\LogManager.php(551): Illuminate\\Log\\LogManager->driver()
#3 C:\\wamp64\\www\\sample-cli\\vendor\\laravel-zero\\foundation\\src\\Illuminate\\Foundation\\Exceptions\\Handler.php(238): Illuminate\\Log\\LogManager->error('syntax error, u...', Array)
#4 C:\\wamp64\\www\\sample-cli\\vendor\
unomaduro\\collision\\src\\Adapters\\Laravel\\ExceptionHandler.php(46): Illuminate\\Foundation\\Exceptions\\Handler->report(Object(ParseError))
#5 C:\\wamp64\\www\\sample-cli\\vendor\\laravel-zero\\foundation\\src\\Illuminate\\Foundation\\Bootstrap\\HandleExceptions.php(88): NunoMaduro\\Collision\\Adapters\\Laravel\\ExceptionHandler->report(Object(ParseError))
#6 [internal function]: Illuminate\\Foundation\\Bootstrap\\HandleExceptions->handleException(Object(ParseError))
#7 {main}
"} 
[2021-02-06 13:06:00] laravel.ERROR: syntax error, unexpected end of file, expecting function (T_FUNCTION) or const (T_CONST) {"exception":"[object] (ParseError(code: 0): syntax error, unexpected end of file, expecting function (T_FUNCTION) or const (T_CONST) at C:\\wamp64\\www\\sample-cli\\app\\Traits\\GeneralTrait.php:55)
[stacktrace]
#0 C:\\wamp64\\www\\sample-cli\\vendor\\composer\\ClassLoader.php(344): Composer\\Autoload\\includeFile('C:\\\\wamp64\\\\www\\\\s...')
#1 [internal function]: Composer\\Autoload\\ClassLoader->loadClass('App\\\\Traits\\\\Gene...')
#2 C:\\wamp64\\www\\sample-cli\\app\\Commands\\ConvertCommand.php(12): spl_autoload_call('App\\\\Traits\\\\Gene...')
#3 C:\\wamp64\\www\\sample-cli\\vendor\\composer\\ClassLoader.php(476): include('C:\\\\wamp64\\\\www\\\\s...')
#4 C:\\wamp64\\www\\sample-cli\\vendor\\composer\\ClassLoader.php(344): Composer\\Autoload\\includeFile('C:\\\\wamp64\\\\www\\\\s...')
#5 [internal function]: Composer\\Autoload\\ClassLoader->loadClass('App\\\\Commands\\\\Co...')
#6 [internal function]: spl_autoload_call('App\\\\Commands\\\\Co...')
#7 C:\\wamp64\\www\\sample-cli\\vendor\\laravel-zero\\foundation\\src\\Illuminate\\Foundation\\Console\\Kernel.php(229): is_subclass_of('App\\\\Commands\\\\Co...', 'Illuminate\\\\Cons...')
#8 C:\\wamp64\\www\\sample-cli\\vendor\\laravel-zero\\framework\\src\\Kernel.php(150): Illuminate\\Foundation\\Console\\Kernel->load(Array)
#9 C:\\wamp64\\www\\sample-cli\\vendor\\laravel-zero\\foundation\\src\\Illuminate\\Foundation\\Console\\Kernel.php(316): LaravelZero\\Framework\\Kernel->commands()
#10 C:\\wamp64\\www\\sample-cli\\vendor\\laravel-zero\\framework\\src\\Kernel.php(130): Illuminate\\Foundation\\Console\\Kernel->bootstrap()
#11 C:\\wamp64\\www\\sample-cli\\vendor\\laravel-zero\\framework\\src\\Kernel.php(102): LaravelZero\\Framework\\Kernel->bootstrap()
#12 C:\\wamp64\\www\\sample-cli\\vendor\\laravel-zero\\framework\\src\\Kernel.php(89): LaravelZero\\Framework\\Kernel->ensureDefaultCommand(Object(Symfony\\Component\\Console\\Input\\ArgvInput))
#13 C:\\wamp64\\www\\sample-cli\\application(37): LaravelZero\\Framework\\Kernel->handle(Object(Symfony\\Component\\Console\\Input\\ArgvInput), Object(Symfony\\Component\\Console\\Output\\ConsoleOutput))
#14 {main}
"} 
[2021-02-06 13:06:22] laravel.EMERGENCY: Unable to create configured logger. Using emergency logger. {"exception":"[object] (InvalidArgumentException(code: 0): Log [default] is not defined. at C:\\wamp64\\www\\sample-cli\\vendor\\laravel\\framework\\src\\Illuminate\\Log\\LogManager.php:192)
[stacktrace]
#0 C:\\wamp64\\www\\sample-cli\\vendor\\laravel\\framework\\src\\Illuminate\\Log\\LogManager.php(118): Illuminate\\Log\\LogManager->resolve('default')
#1 C:\\wamp64\\www\\sample-cli\\vendor\\laravel\\framework\\src\\Illuminate\\Log\\LogManager.php(98): Illuminate\\Log\\LogManager->get('default')
#2 C:\\wamp64\\www\\sample-cli\\vendor\\laravel\\framework\\src\\Illuminate\\Log\\LogManager.php(551): Illuminate\\Log\\LogManager->driver()
#3 C:\\wamp64\\www\\sample-cli\\vendor\\laravel-zero\\foundation\\src\\Illuminate\\Foundation\\Exceptions\\Handler.php(238): Illuminate\\Log\\LogManager->error('syntax error, u...', Array)
#4 C:\\wamp64\\www\\sample-cli\\vendor\
unomaduro\\collision\\src\\Adapters\\Laravel\\ExceptionHandler.php(46): Illuminate\\Foundation\\Exceptions\\Handler->report(Object(ParseError))
#5 C:\\wamp64\\www\\sample-cli\\vendor\\laravel-zero\\foundation\\src\\Illuminate\\Foundation\\Console\\Kernel.php(366): NunoMaduro\\Collision\\Adapters\\Laravel\\ExceptionHandler->report(Object(ParseError))
#6 C:\\wamp64\\www\\sample-cli\\vendor\\laravel-zero\\foundation\\src\\Illuminate\\Foundation\\Console\\Kernel.php(131): Illuminate\\Foundation\\Console\\Kernel->reportException(Object(ParseError))
#7 C:\\wamp64\\www\\sample-cli\\vendor\\laravel-zero\\framework\\src\\Kernel.php(91): Illuminate\\Foundation\\Console\\Kernel->handle(Object(Symfony\\Component\\Console\\Input\\ArgvInput), Object(Symfony\\Component\\Console\\Output\\ConsoleOutput))
#8 C:\\wamp64\\www\\sample-cli\\application(37): LaravelZero\\Framework\\Kernel->handle(Object(Symfony\\Component\\Console\\Input\\ArgvInput), Object(Symfony\\Component\\Console\\Output\\ConsoleOutput))
#9 {main}
"} 
[2021-02-06 13:06:22] laravel.ERROR: syntax error, unexpected '}', expecting ';' {"exception":"[object] (ParseError(code: 0): syntax error, unexpected '}', expecting ';' at C:\\wamp64\\www\\sample-cli\\app\\Classes\\CommandClass.php:27)
[stacktrace]
#0 C:\\wamp64\\www\\sample-cli\\vendor\\composer\\ClassLoader.php(344): Composer\\Autoload\\includeFile('C:\\\\wamp64\\\\www\\\\s...')
#1 [internal function]: Composer\\Autoload\\ClassLoader->loadClass('App\\\\Classes\\\\Com...')
#2 C:\\wamp64\\www\\sample-cli\\app\\Commands\\ConvertCommand.php(37): spl_autoload_call('App\\\\Classes\\\\Com...')
#3 C:\\wamp64\\www\\sample-cli\\vendor\\laravel\\framework\\src\\Illuminate\\Container\\BoundMethod.php(36): App\\Commands\\ConvertCommand->handle()
#4 C:\\wamp64\\www\\sample-cli\\vendor\\laravel\\framework\\src\\Illuminate\\Container\\Util.php(40): Illuminate\\Container\\BoundMethod::Illuminate\\Container\\{closure}()
#5 C:\\wamp64\\www\\sample-cli\\vendor\\laravel\\framework\\src\\Illuminate\\Container\\BoundMethod.php(93): Illuminate\\Container\\Util::unwrapIfClosure(Object(Closure))
#6 C:\\wamp64\\www\\sample-cli\\vendor\\laravel\\framework\\src\\Illuminate\\Container\\BoundMethod.php(37): Illuminate\\Container\\BoundMethod::callBoundMethod(Object(LaravelZero\\Framework\\Application), Array, Object(Closure))
#7 C:\\wamp64\\www\\sample-cli\\vendor\\laravel\\framework\\src\\Illuminate\\Container\\Container.php(610): Illuminate\\Container\\BoundMethod::call(Object(LaravelZero\\Framework\\Application), Array, Array, NULL)
#8 C:\\wamp64\\www\\sample-cli\\vendor\\laravel\\framework\\src\\Illuminate\\Console\\Command.php(136): Illuminate\\Container\\Container->call(Array)
#9 C:\\wamp64\\www\\sample-cli\\vendor\\symfony\\console\\Command\\Command.php(255): Illuminate\\Console\\Command->execute(Object(Symfony\\Component\\Console\\Input\\ArgvInput), Object(Illuminate\\Console\\OutputStyle))
#10 C:\\wamp64\\www\\sample-cli\\vendor\\laravel\\framework\\src\\Illuminate\\Console\\Command.php(121): Symfony\\Component\\Console\\Command\\Command->run(Object(Symfony\\Component\\Console\\Input\\ArgvInput), Object(Illuminate\\Console\\OutputStyle))
#11 C:\\wamp64\\www\\sample-cli\\vendor\\symfony\\console\\Application.php(971): Illuminate\\Console\\Command->run(Object(Symfony\\Component\\Console\\Input\\ArgvInput), Object(Symfony\\Component\\Console\\Output\\ConsoleOutput))
#12 C:\\wamp64\\www\\sample-cli\\vendor\\symfony\\console\\Application.php(290): Symfony\\Component\\Console\\Application->doRunCommand(Object(App\\Commands\\ConvertCommand), Object(Symfony\\Component\\Console\\Input\\ArgvInput), Object(Symfony\\Component\\Console\\Output\\ConsoleOutput))
#13 C:\\wamp64\\www\\sample-cli\\vendor\\symfony\\console\\Application.php(166): Symfony\\Component\\Console\\Application->doRun(Object(Symfony\\Component\\Console\\Input\\ArgvInput), Object(Symfony\\Component\\Console\\Output\\ConsoleOutput))
#14 C:\\wamp64\\www\\sample-cli\\vendor\\laravel\\framework\\src\\Illuminate\\Console\\Application.php(93): Symfony\\Component\\Console\\Application->run(Object(Symfony\\Component\\Console\\Input\\ArgvInput), Object(Symfony\\Component\\Console\\Output\\ConsoleOutput))
#15 C:\\wamp64\\www\\sample-cli\\vendor\\laravel-zero\\foundation\\src\\Illuminate\\Foundation\\Console\\Kernel.php(129): Illuminate\\Console\\Application->run(Object(Symfony\\Component\\Console\\Input\\ArgvInput), Object(Symfony\\Component\\Console\\Output\\ConsoleOutput))
#16 C:\\wamp64\\www\\sample-cli\\vendor\\laravel-zero\\framework\\src\\Kernel.php(91): Illuminate\\Foundation\\Console\\Kernel->handle(Object(Symfony\\Component\\Console\\Input\\ArgvInput), Object(Symfony\\Component\\Console\\Output\\ConsoleOutput))
#17 C:\\wamp64\\www\\sample-cli\\application(37): LaravelZero\\Framework\\Kernel->handle(Object(Symfony\\Component\\Console\\Input\\ArgvInput), Object(Symfony\\Component\\Console\\Output\\ConsoleOutput))
#18 {main}
"} 
